<?xml version="1.0" encoding="UTF-8"?>
<testsuite xmlns:xsi="http://www.w3.org/2001/XMLSchema-instance" xsi:noNamespaceSchemaLocation="https://maven.apache.org/surefire/maven-surefire-plugin/xsd/surefire-test-report-3.0.xsd" version="3.0" name="com.hrms.runners.SmokeRunner" time="107.01" tests="5" errors="1" skipped="0" failures="0">
  <properties>
[...]
</properties>
  <testcase name="As an Admin user I should be able to change employees contact details" classname="Adding Employee Contact Details" time="18.527">
    <system-out><![CDATA[
@inProgress
Scenario Outline: As an Admin user I should be able to change employees contact details                                                                                                                           # src/test/resources/featuress/employeeContactDetails.feature:16
  Given Admin logged in successfully to Hrms application                                                                                                                                                          # com.hrms.steps.AddContactDetailsSteps.admin_logged_in_successfully_to_Hrms_application()
  And Admin  navigate to employees list page and                                                                                                                                                                  # com.hrms.steps.AddContactDetailsSteps.admin_navigate_to_employees_list_page_and()
  And Admin enter valid employee Id "12852" and click on search button                                                                                                                                            # com.hrms.steps.AddContactDetailsSteps.admin_enter_valid_employee_Id_and_click_on_search_button(java.lang.String)
  And Admin click on employee name in the table list                                                                                                                                                              # com.hrms.steps.AddContactDetailsSteps.admin_click_on_employee_name_in_the_table_list()
  When Admin click on  Contact details section on personnel details page                                                                                                                                          # com.hrms.steps.AddContactDetailsSteps.admin_click_on_Contact_details_section_on_personnel_details_page()
  Then Admin enters employees contact details as "4949 manitoba  dr","4949 manitoba  dr",  "Alexandria","N?A","2312","Afghanistan", "5744589878","78455255","54844875","kaghs785@gmail.com","ronny2015@gmail.com" # com.hrms.steps.AddContactDetailsSteps.admin_enters_employees_contact_details_as(java.lang.String,java.lang.String,java.lang.String,java.lang.String,java.lang.String,java.lang.String,java.lang.String,java.lang.String,java.lang.String,java.lang.String,java.lang.String)
test ends
  Then Admin sees employee contact details saved                                                                                                                                                                  # com.hrms.steps.AddContactDetailsSteps.admin_sees_employee_contact_details_saved()

    Embedding As an Admin user I should be able to change employees contact details [img/png 128228 bytes]

]]></system-out>
    <system-err><![CDATA[Jun 19, 2020 7:28:44 PM io.cucumber.junit.Cucumber <init>
WARNING: By default Cucumber is running in --non-strict mode.
This default will change to --strict and --non-strict will be removed.
You can use --strict or @CucumberOptions(strict = true) to suppress this warning
SLF4J: Failed to load class "org.slf4j.impl.StaticLoggerBinder".
SLF4J: Defaulting to no-operation (NOP) logger implementation
SLF4J: See http://www.slf4j.org/codes.html#StaticLoggerBinder for further details.
Starting ChromeDriver 83.0.4103.39 (ccbf011cb2d2b19b506d844400483861342c20cd-refs/branch-heads/4103@{#416}) on port 5988
Only local connections are allowed.
Please see https://chromedriver.chromium.org/security-considerations for suggestions on keeping ChromeDriver safe.
ChromeDriver was started successfully.
Jun 19, 2020 7:28:48 PM org.openqa.selenium.remote.ProtocolHandshake createSession
INFO: Detected dialect: W3C
]]></system-err>
  </testcase>
  <testcase name="As an Admin user I should be able to change employees contact details" classname="Adding Employee Contact Details" time="17.39">
    <system-out><![CDATA[
@inProgress
Scenario Outline: As an Admin user I should be able to change employees contact details                                                                                                     # src/test/resources/featuress/employeeContactDetails.feature:17
  Given Admin logged in successfully to Hrms application                                                                                                                                    # com.hrms.steps.AddContactDetailsSteps.admin_logged_in_successfully_to_Hrms_application()
  And Admin  navigate to employees list page and                                                                                                                                            # com.hrms.steps.AddContactDetailsSteps.admin_navigate_to_employees_list_page_and()
  And Admin enter valid employee Id "12681" and click on search button                                                                                                                      # com.hrms.steps.AddContactDetailsSteps.admin_enter_valid_employee_Id_and_click_on_search_button(java.lang.String)
  And Admin click on employee name in the table list                                                                                                                                        # com.hrms.steps.AddContactDetailsSteps.admin_click_on_employee_name_in_the_table_list()
  When Admin click on  Contact details section on personnel details page                                                                                                                    # com.hrms.steps.AddContactDetailsSteps.admin_click_on_Contact_details_section_on_personnel_details_page()
  Then Admin enters employees contact details as "101 row st","101 row st",  "veinna","N?A","22310","Algeria", "458945822","55555885","444412681","ka78po5@gmail.com","fuyam2015@gmail.com" # com.hrms.steps.AddContactDetailsSteps.admin_enters_employees_contact_details_as(java.lang.String,java.lang.String,java.lang.String,java.lang.String,java.lang.String,java.lang.String,java.lang.String,java.lang.String,java.lang.String,java.lang.String,java.lang.String)
test ends
  Then Admin sees employee contact details saved                                                                                                                                            # com.hrms.steps.AddContactDetailsSteps.admin_sees_employee_contact_details_saved()

    Embedding As an Admin user I should be able to change employees contact details [img/png 125978 bytes]

]]></system-out>
    <system-err><![CDATA[Starting ChromeDriver 83.0.4103.39 (ccbf011cb2d2b19b506d844400483861342c20cd-refs/branch-heads/4103@{#416}) on port 5714
Only local connections are allowed.
Please see https://chromedriver.chromium.org/security-considerations for suggestions on keeping ChromeDriver safe.
ChromeDriver was started successfully.
Jun 19, 2020 7:29:05 PM org.openqa.selenium.remote.ProtocolHandshake createSession
INFO: Detected dialect: W3C
]]></system-err>
  </testcase>
  <testcase name="As an Admin user I should be able to change employees contact details" classname="Adding Employee Contact Details" time="16.902">
    <system-out><![CDATA[
@inProgress
Scenario Outline: As an Admin user I should be able to change employees contact details                                                                                                                    # src/test/resources/featuress/employeeContactDetails.feature:18
  Given Admin logged in successfully to Hrms application                                                                                                                                                   # com.hrms.steps.AddContactDetailsSteps.admin_logged_in_successfully_to_Hrms_application()
  And Admin  navigate to employees list page and                                                                                                                                                           # com.hrms.steps.AddContactDetailsSteps.admin_navigate_to_employees_list_page_and()
  And Admin enter valid employee Id "14203" and click on search button                                                                                                                                     # com.hrms.steps.AddContactDetailsSteps.admin_enter_valid_employee_Id_and_click_on_search_button(java.lang.String)
  And Admin click on employee name in the table list                                                                                                                                                       # com.hrms.steps.AddContactDetailsSteps.admin_click_on_employee_name_in_the_table_list()
  When Admin click on  Contact details section on personnel details page                                                                                                                                   # com.hrms.steps.AddContactDetailsSteps.admin_click_on_Contact_details_section_on_personnel_details_page()
  Then Admin enters employees contact details as "5975 s rynolds st","5975 s rynolds st",  "woodbrig","N?A","2000","Bolivia", "4588259","44588528","147444203","kaft785@gmail.com","kuyamam2015@gmail.com" # com.hrms.steps.AddContactDetailsSteps.admin_enters_employees_contact_details_as(java.lang.String,java.lang.String,java.lang.String,java.lang.String,java.lang.String,java.lang.String,java.lang.String,java.lang.String,java.lang.String,java.lang.String,java.lang.String)
test ends
  Then Admin sees employee contact details saved                                                                                                                                                           # com.hrms.steps.AddContactDetailsSteps.admin_sees_employee_contact_details_saved()

    Embedding As an Admin user I should be able to change employees contact details [img/png 127317 bytes]

]]></system-out>
    <system-err><![CDATA[Starting ChromeDriver 83.0.4103.39 (ccbf011cb2d2b19b506d844400483861342c20cd-refs/branch-heads/4103@{#416}) on port 12951
Only local connections are allowed.
Please see https://chromedriver.chromium.org/security-considerations for suggestions on keeping ChromeDriver safe.
ChromeDriver was started successfully.
Jun 19, 2020 7:29:23 PM org.openqa.selenium.remote.ProtocolHandshake createSession
INFO: Detected dialect: W3C
]]></system-err>
  </testcase>
  <testcase name="As an Admin user I should be able to change employees contact details" classname="Adding Employee Contact Details" time="18.21">
    <system-out><![CDATA[
@inProgress
Scenario Outline: As an Admin user I should be able to change employees contact details                                                                                                             # src/test/resources/featuress/employeeContactDetails.feature:19
  Given Admin logged in successfully to Hrms application                                                                                                                                            # com.hrms.steps.AddContactDetailsSteps.admin_logged_in_successfully_to_Hrms_application()
  And Admin  navigate to employees list page and                                                                                                                                                    # com.hrms.steps.AddContactDetailsSteps.admin_navigate_to_employees_list_page_and()
  And Admin enter valid employee Id "13395" and click on search button                                                                                                                              # com.hrms.steps.AddContactDetailsSteps.admin_enter_valid_employee_Id_and_click_on_search_button(java.lang.String)
  And Admin click on employee name in the table list                                                                                                                                                # com.hrms.steps.AddContactDetailsSteps.admin_click_on_employee_name_in_the_table_list()
  When Admin click on  Contact details section on personnel details page                                                                                                                            # com.hrms.steps.AddContactDetailsSteps.admin_click_on_Contact_details_section_on_personnel_details_page()
  Then Admin enters employees contact details as "1213 duke st","1213 duke st",  "colombia","N?A","2354","Canada", "852889455","782646651","70337741788","kfaa785@gmail.com","albetm2015@gmail.com" # com.hrms.steps.AddContactDetailsSteps.admin_enters_employees_contact_details_as(java.lang.String,java.lang.String,java.lang.String,java.lang.String,java.lang.String,java.lang.String,java.lang.String,java.lang.String,java.lang.String,java.lang.String,java.lang.String)
test ends
  Then Admin sees employee contact details saved                                                                                                                                                    # com.hrms.steps.AddContactDetailsSteps.admin_sees_employee_contact_details_saved()

    Embedding As an Admin user I should be able to change employees contact details [img/png 127088 bytes]

]]></system-out>
    <system-err><![CDATA[Starting ChromeDriver 83.0.4103.39 (ccbf011cb2d2b19b506d844400483861342c20cd-refs/branch-heads/4103@{#416}) on port 9420
Only local connections are allowed.
Please see https://chromedriver.chromium.org/security-considerations for suggestions on keeping ChromeDriver safe.
ChromeDriver was started successfully.
Jun 19, 2020 7:29:40 PM org.openqa.selenium.remote.ProtocolHandshake createSession
INFO: Detected dialect: W3C
]]></system-err>
  </testcase>
  <testcase name="As an Admin I should be able to add difrrent skills to an exesting employee" classname="Adding skills to an exesting employee" time="35.587">
    <error message="Cannot locate element with text: Creative&#10;For documentation on this error, please visit: https://www.seleniumhq.org/exceptions/no_such_element.html&#10;Build info: version: &apos;3.141.59&apos;, revision: &apos;e82be7d358&apos;, time: &apos;2018-11-14T08:17:03&apos;&#10;System info: host: &apos;LAPTOP-J49C07QH&apos;, ip: &apos;172.20.10.7&apos;, os.name: &apos;Windows 10&apos;, os.arch: &apos;amd64&apos;, os.version: &apos;10.0&apos;, java.version: &apos;1.8.0_251&apos;&#10;Driver info: driver.version: unknown" type="org.openqa.selenium.NoSuchElementException"><![CDATA[org.openqa.selenium.NoSuchElementException: 
Cannot locate element with text: Creative
For documentation on this error, please visit: https://www.seleniumhq.org/exceptions/no_such_element.html
Build info: version: '3.141.59', revision: 'e82be7d358', time: '2018-11-14T08:17:03'
System info: host: 'LAPTOP-J49C07QH', ip: '172.20.10.7', os.name: 'Windows 10', os.arch: 'amd64', os.version: '10.0', java.version: '1.8.0_251'
Driver info: driver.version: unknown
]]></error>
    <system-out><![CDATA[
@temp
Scenario Outline: As an Admin I should be able to add difrrent skills to an exesting employee # src/test/resources/featuress/qualifications.feature:18
  Given Admin logged in successfully to Hrms application                                      # com.hrms.steps.AddContactDetailsSteps.admin_logged_in_successfully_to_Hrms_application()
  And Admin  navigate to employees list page and                                              # com.hrms.steps.AddContactDetailsSteps.admin_navigate_to_employees_list_page_and()
  And Admin enter valid employee Id "12852" and click on search button                        # com.hrms.steps.AddContactDetailsSteps.admin_enter_valid_employee_Id_and_click_on_search_button(java.lang.String)
  And Admin click on employee name in the table list                                          # com.hrms.steps.AddContactDetailsSteps.admin_click_on_employee_name_in_the_table_list()
  Then Admin click on qualification section button                                            # com.hrms.steps.AddingEmployeeSkillsSteps.admin_click_on_qualification_section_button()
  And Admin click on add skills button                                                        # com.hrms.steps.AddingEmployeeSkillsSteps.admin_click_on_add_skills_button()
  When Admin selects skill "Creative" & enters "3" & "good"                                   # com.hrms.steps.AddingEmployeeSkillsSteps.admin_selects_skill_enters(java.lang.String,java.lang.String,java.lang.String)
      org.openqa.selenium.NoSuchElementException: Cannot locate element with text: Creative
For documentation on this error, please visit: https://www.seleniumhq.org/exceptions/no_such_element.html
Build info: version: '3.141.59', revision: 'e82be7d358', time: '2018-11-14T08:17:03'
System info: host: 'LAPTOP-J49C07QH', ip: '172.20.10.7', os.name: 'Windows 10', os.arch: 'amd64', os.version: '10.0', java.version: '1.8.0_251'
Driver info: driver.version: unknown
	at org.openqa.selenium.support.ui.Select.selectByVisibleText(Select.java:147)
	at com.hrms.utils.CommonMethods.selectValueFromDd(CommonMethods.java:48)
	at com.hrms.steps.AddingEmployeeSkillsSteps.admin_selects_skill_enters(AddingEmployeeSkillsSteps.java:35)
	at ?.Admin selects skill "Creative" & enters "3" & "good"(file:///C:/Users/Mohamed/IdeaProjects/HrmsCucumber/src/test/resources/featuress/qualifications.feature:12)

  And Amin click on save button                                                               # com.hrms.steps.AddingEmployeeSkillsSteps.amin_click_on_save_button()
  Then Admin sees that the skill "Creative" added to employes skills table                    # com.hrms.steps.AddingEmployeeSkillsSteps.admin_sees_that_the_skill_added_to_employes_skills_table(java.lang.String)

    Embedding As an Admin I should be able to add difrrent skills to an exesting employee [img/png 119882 bytes]

]]></system-out>
    <system-err><![CDATA[Starting ChromeDriver 83.0.4103.39 (ccbf011cb2d2b19b506d844400483861342c20cd-refs/branch-heads/4103@{#416}) on port 27328
Only local connections are allowed.
Please see https://chromedriver.chromium.org/security-considerations for suggestions on keeping ChromeDriver safe.
ChromeDriver was started successfully.
Jun 19, 2020 7:29:58 PM org.openqa.selenium.remote.ProtocolHandshake createSession
INFO: Detected dialect: W3C
]]></system-err>
  </testcase>
</testsuite>